2025-10-29 19:21:35,430 | INFO | httpx | HTTP Request: GET http://localhost:11435/api/tags "HTTP/1.1 200 OK"
2025-10-29 19:21:35,448 INFO sqlalchemy.engine.Engine select pg_catalog.version()
2025-10-29 19:21:35,448 | INFO | sqlalchemy.engine.Engine | select pg_catalog.version()
2025-10-29 19:21:35,448 INFO sqlalchemy.engine.Engine [raw sql] {}
2025-10-29 19:21:35,448 | INFO | sqlalchemy.engine.Engine | [raw sql] {}
2025-10-29 19:21:35,451 INFO sqlalchemy.engine.Engine select current_schema()
2025-10-29 19:21:35,451 | INFO | sqlalchemy.engine.Engine | select current_schema()
2025-10-29 19:21:35,452 INFO sqlalchemy.engine.Engine [raw sql] {}
2025-10-29 19:21:35,452 | INFO | sqlalchemy.engine.Engine | [raw sql] {}
2025-10-29 19:21:35,454 INFO sqlalchemy.engine.Engine show standard_conforming_strings
2025-10-29 19:21:35,454 | INFO | sqlalchemy.engine.Engine | show standard_conforming_strings
2025-10-29 19:21:35,455 INFO sqlalchemy.engine.Engine [raw sql] {}
2025-10-29 19:21:35,455 | INFO | sqlalchemy.engine.Engine | [raw sql] {}
2025-10-29 19:21:35,459 INFO sqlalchemy.engine.Engine BEGIN (implicit)
2025-10-29 19:21:35,459 | INFO | sqlalchemy.engine.Engine | BEGIN (implicit)
2025-10-29 19:21:35,461 INFO sqlalchemy.engine.Engine SELECT 1
2025-10-29 19:21:35,461 | INFO | sqlalchemy.engine.Engine | SELECT 1
2025-10-29 19:21:35,461 INFO sqlalchemy.engine.Engine [generated in 0.00139s] {}
2025-10-29 19:21:35,461 | INFO | sqlalchemy.engine.Engine | [generated in 0.00139s] {}
2025-10-29 19:21:35,463 INFO sqlalchemy.engine.Engine ROLLBACK
2025-10-29 19:21:35,463 | INFO | sqlalchemy.engine.Engine | ROLLBACK
2025-10-29 19:21:35,465 INFO sqlalchemy.engine.Engine BEGIN (implicit)
2025-10-29 19:21:35,465 | INFO | sqlalchemy.engine.Engine | BEGIN (implicit)
2025-10-29 19:21:35,466 INFO sqlalchemy.engine.Engine 
            SELECT pg_catalog.format_type(att.atttypid, att.atttypmod) AS formatted
            FROM pg_attribute AS att
            WHERE att.attrelid = 'public.chunks'::regclass
              AND att.attname = 'embedding'
            
2025-10-29 19:21:35,466 | INFO | sqlalchemy.engine.Engine | 
            SELECT pg_catalog.format_type(att.atttypid, att.atttypmod) AS formatted
            FROM pg_attribute AS att
            WHERE att.attrelid = 'public.chunks'::regclass
              AND att.attname = 'embedding'
            
2025-10-29 19:21:35,466 INFO sqlalchemy.engine.Engine [generated in 0.00114s] {}
2025-10-29 19:21:35,466 | INFO | sqlalchemy.engine.Engine | [generated in 0.00114s] {}
2025-10-29 19:21:35,469 INFO sqlalchemy.engine.Engine ROLLBACK
2025-10-29 19:21:35,469 | INFO | sqlalchemy.engine.Engine | ROLLBACK
